<?xml version="1.0" encoding="UTF-8"?>
<!-- Generated by org.testng.reporters.JUnitXMLReporter -->
<testsuite ignored="0" hostname="DESKTOP-ENA0CGR" failures="0" tests="3" name="Guru99.xml" time="21.42" errors="0" timestamp="2021-04-11T23:37:40 IST">
  <testcase classname="testcases.verifyAuthentication" name="registerClick" time="1.084"/>
  <testcase classname="testcases.verifyAuthentication" name="fillDetails" time="16.151"/>
  <testcase classname="testcases.verifyAuthentication" name="login" time="2.668"/>
</testsuite> <!-- Guru99.xml -->
